0 info it worked if it ends with ok
1 verbose cli [ '/opt/nodes/0.12.0/bin/node',
1 verbose cli   '/opt/nodes/0.12/bin/npm',
1 verbose cli   'install',
1 verbose cli   'ttystudio@~> 0.0.16',
1 verbose cli   '--global' ]
2 info using npm@2.5.1
3 info using node@v0.12.0
4 silly cache add args [ 'ttystudio@~> 0.0.16', null ]
5 verbose cache add spec ttystudio@~> 0.0.16
6 silly cache add parsed spec { raw: 'ttystudio@~> 0.0.16',
6 silly cache add   scope: null,
6 silly cache add   name: 'ttystudio',
6 silly cache add   rawSpec: '~> 0.0.16',
6 silly cache add   spec: '>=0.0.16 <0.1.0',
6 silly cache add   type: 'range' }
7 verbose addNamed ttystudio@>=0.0.16 <0.1.0
8 silly addNamed semver.valid null
9 silly addNamed semver.validRange >=0.0.16 <0.1.0
10 silly addNameRange { name: 'ttystudio', range: '>=0.0.16 <0.1.0', hasData: false }
11 silly mapToRegistry name ttystudio
12 silly mapToRegistry using default registry
13 silly mapToRegistry registry https://registry.npmjs.org/
14 silly mapToRegistry uri https://registry.npmjs.org/ttystudio
15 verbose addNameRange registry:https://registry.npmjs.org/ttystudio not in flight; fetching
16 verbose request uri https://registry.npmjs.org/ttystudio
17 verbose request no auth needed
18 info attempt registry request try #1 at 10:57:06
19 verbose request id 20baf7984df8af47
20 http request GET https://registry.npmjs.org/ttystudio
21 http 200 https://registry.npmjs.org/ttystudio
22 silly get cb [ 200,
22 silly get   { server: 'CouchDB/1.5.0 (Erlang OTP/R16B03)',
22 silly get     etag: '"8SV8LSQ1DVY3F1BLXOE4MAQ28"',
22 silly get     'content-type': 'application/json',
22 silly get     'content-encoding': 'gzip',
22 silly get     'cache-control': 'max-age=300',
22 silly get     'content-length': '6663',
22 silly get     'accept-ranges': 'bytes',
22 silly get     date: 'Sun, 18 Sep 2016 17:57:07 GMT',
22 silly get     via: '1.1 varnish',
22 silly get     age: '0',
22 silly get     connection: 'keep-alive',
22 silly get     'x-served-by': 'cache-sea1920-SEA',
22 silly get     'x-cache': 'MISS',
22 silly get     'x-cache-hits': '0',
22 silly get     'x-timer': 'S1474221427.032387,VS0,VE27',
22 silly get     vary: 'Accept-Encoding' } ]
23 verbose get saving ttystudio to /tmp/npm-501/.npm/registry.npmjs.org/ttystudio/.cache.json
24 verbose getCacheStat cache creation not in flight; initializing
25 silly addNameRange number 2 { name: 'ttystudio', range: '>=0.0.16 <0.1.0', hasData: true }
26 silly addNameRange versions [ 'ttystudio',
26 silly addNameRange   [ '0.0.1',
26 silly addNameRange     '0.0.2',
26 silly addNameRange     '0.0.3',
26 silly addNameRange     '0.0.4',
26 silly addNameRange     '0.0.5',
26 silly addNameRange     '0.0.6',
26 silly addNameRange     '0.0.7',
26 silly addNameRange     '0.0.8',
26 silly addNameRange     '0.0.9',
26 silly addNameRange     '0.0.10',
26 silly addNameRange     '0.0.10-1',
26 silly addNameRange     '0.0.11',
26 silly addNameRange     '0.0.12',
26 silly addNameRange     '0.0.13',
26 silly addNameRange     '0.0.14',
26 silly addNameRange     '0.0.15',
26 silly addNameRange     '0.0.16' ] ]
27 verbose addNamed ttystudio@0.0.16
28 silly addNamed semver.valid 0.0.16
29 silly addNamed semver.validRange 0.0.16
30 silly mapToRegistry name ttystudio
31 silly mapToRegistry using default registry
32 silly mapToRegistry registry https://registry.npmjs.org/
33 silly mapToRegistry uri https://registry.npmjs.org/ttystudio
34 verbose addRemoteTarball https://registry.npmjs.org/ttystudio/-/ttystudio-0.0.16.tgz not in flight; adding
35 verbose addRemoteTarball [ 'https://registry.npmjs.org/ttystudio/-/ttystudio-0.0.16.tgz',
35 verbose addRemoteTarball   'a2d11179c3fee95f2d6fc3d2c537577f4f1255e4' ]
36 info retry fetch attempt 1 at 10:57:07
37 info attempt registry request try #1 at 10:57:07
38 http fetch GET https://registry.npmjs.org/ttystudio/-/ttystudio-0.0.16.tgz
39 http fetch 200 https://registry.npmjs.org/ttystudio/-/ttystudio-0.0.16.tgz
40 silly fetchAndShaCheck shasum a2d11179c3fee95f2d6fc3d2c537577f4f1255e4
41 verbose addTmpTarball /tmp/npm-9058-ae681512/registry.npmjs.org/ttystudio/-/ttystudio-0.0.16.tgz not in flight; adding
42 verbose addTmpTarball already have metadata; skipping unpack for ttystudio@0.0.16
43 silly cache afterAdd ttystudio@0.0.16
44 verbose afterAdd /tmp/npm-501/.npm/ttystudio/0.0.16/package/package.json not in flight; writing
45 verbose afterAdd /tmp/npm-501/.npm/ttystudio/0.0.16/package/package.json written
46 silly install resolved [ { name: 'ttystudio',
46 silly install resolved     description: 'A terminal-to-gif recorder minus the headaches.',
46 silly install resolved     author: { name: 'Christopher Jeffrey' },
46 silly install resolved     version: '0.0.16',
46 silly install resolved     license: 'MIT',
46 silly install resolved     main: './index.js',
46 silly install resolved     bin: { ttystudio: './bin/ttystudio' },
46 silly install resolved     scripts: { start: './bin/ttystudio ~/ttystudio-test.gif' },
46 silly install resolved     man: [ './man/ttystudio.1' ],
46 silly install resolved     preferGlobal: true,
46 silly install resolved     repository: { type: 'git', url: 'git://github.com/chjj/ttystudio.git' },
46 silly install resolved     homepage: 'https://github.com/chjj/ttystudio',
46 silly install resolved     bugs: { url: 'http://github.com/chjj/ttystudio/issues' },
46 silly install resolved     keywords: [ 'terminal', 'tty', 'record', 'recorder', 'gif', 'png', 'apng' ],
46 silly install resolved     tags: [ 'terminal', 'tty', 'record', 'recorder', 'gif', 'png', 'apng' ],
46 silly install resolved     dependencies:
46 silly install resolved      { blessed: '>=0.1.80',
46 silly install resolved        'term.js': '>=0.0.7',
46 silly install resolved        'pty.js': '>=0.3.0' },
46 silly install resolved     gitHead: 'b270fecc03552d29c7fbf7548d2633f2216272f8',
46 silly install resolved     _id: 'ttystudio@0.0.16',
46 silly install resolved     _shasum: 'a2d11179c3fee95f2d6fc3d2c537577f4f1255e4',
46 silly install resolved     _from: 'ttystudio@>=0.0.16 <0.1.0',
46 silly install resolved     _npmVersion: '2.14.0',
46 silly install resolved     _nodeVersion: '0.12.7',
46 silly install resolved     _npmUser: { name: 'chjj', email: 'chjjeffrey@gmail.com' },
46 silly install resolved     maintainers: [ [Object] ],
46 silly install resolved     dist:
46 silly install resolved      { shasum: 'a2d11179c3fee95f2d6fc3d2c537577f4f1255e4',
46 silly install resolved        tarball: 'https://registry.npmjs.org/ttystudio/-/ttystudio-0.0.16.tgz' },
46 silly install resolved     directories: {},
46 silly install resolved     _resolved: 'https://registry.npmjs.org/ttystudio/-/ttystudio-0.0.16.tgz' } ]
47 info install ttystudio@0.0.16 into /opt/nodes/0.12.0/lib
48 info installOne ttystudio@0.0.16
49 verbose installOne of ttystudio to /opt/nodes/0.12.0/lib not in flight; installing
50 verbose lock using /tmp/npm-501/.npm/_locks/ttystudio-3a5067f1f62b54a0.lock for /opt/nodes/0.12.0/lib/node_modules/ttystudio
51 silly install write writing ttystudio 0.0.16 to /opt/nodes/0.12.0/lib/node_modules/ttystudio
52 silly cache addNamed cb ttystudio@0.0.16
53 verbose unbuild lib/node_modules/ttystudio
54 verbose gentlyRm vacuuming /opt/nodes/0.12.0/lib/node_modules/ttystudio
55 verbose tar unpack /tmp/npm-501/.npm/ttystudio/0.0.16/package.tgz
56 verbose tar unpacking to /opt/nodes/0.12.0/lib/node_modules/ttystudio
57 verbose gentlyRm vacuuming /opt/nodes/0.12.0/lib/node_modules/ttystudio
58 silly gunzTarPerm modes [ '755', '644' ]
59 silly gunzTarPerm extractEntry package.json
60 silly gunzTarPerm extractEntry .npmignore
61 silly gunzTarPerm extractEntry README.md
62 silly gunzTarPerm extractEntry LICENSE
63 silly gunzTarPerm extractEntry index.js
64 silly gunzTarPerm extractEntry vendor/pxxl.js
65 silly gunzTarPerm extractEntry bin/ttystudio
66 silly gunzTarPerm extractEntry lib/buffer.js
67 silly gunzTarPerm extractEntry lib/compile.js
68 silly gunzTarPerm extractEntry lib/gif.js
69 silly gunzTarPerm extractEntry lib/optimize.js
70 silly gunzTarPerm extractEntry lib/options.js
71 silly gunzTarPerm extractEntry lib/play.js
72 silly gunzTarPerm extractEntry lib/png.js
73 silly gunzTarPerm extractEntry lib/record.js
74 silly gunzTarPerm extractEntry lib/ttystudio.js
75 silly gunzTarPerm extractEntry lib/writer.js
76 silly gunzTarPerm extractEntry man/ttystudio.1
77 silly gunzTarPerm extractEntry fonts/README
78 silly gunzTarPerm modified mode [ 'fonts/README', 384, 420 ]
79 silly gunzTarPerm extractEntry fonts/LICENSE
80 silly gunzTarPerm extractEntry fonts/index.js
81 silly gunzTarPerm extractEntry fonts/ter-u16n.bdf
82 silly gunzTarPerm extractEntry fonts/Makefile
83 silly gunzTarPerm extractEntry fonts/ter-u12b.bdf
84 silly gunzTarPerm extractEntry fonts/ter-u12n.bdf
85 silly gunzTarPerm extractEntry fonts/ter-u14b.bdf
86 silly gunzTarPerm extractEntry fonts/ter-u14b.json
87 silly gunzTarPerm extractEntry fonts/ter-u14n.bdf
88 silly gunzTarPerm extractEntry fonts/ter-u14n.json
89 silly gunzTarPerm extractEntry fonts/ter-u14v.bdf
90 silly gunzTarPerm extractEntry fonts/ter-u16b.bdf
91 silly gunzTarPerm extractEntry fonts/AUTHORS
92 silly gunzTarPerm modified mode [ 'fonts/AUTHORS', 384, 420 ]
93 silly gunzTarPerm extractEntry fonts/ter-u16v.bdf
94 silly gunzTarPerm extractEntry fonts/ter-u18b.bdf
95 silly gunzTarPerm extractEntry fonts/ter-u18n.bdf
96 silly gunzTarPerm extractEntry fonts/ter-u20b.bdf
97 silly gunzTarPerm extractEntry fonts/ter-u20n.bdf
98 silly gunzTarPerm extractEntry fonts/ter-u22b.bdf
99 silly gunzTarPerm extractEntry fonts/ter-u22n.bdf
100 silly gunzTarPerm extractEntry fonts/ter-u24b.bdf
101 silly gunzTarPerm extractEntry fonts/ter-u24n.bdf
102 silly gunzTarPerm extractEntry fonts/ter-u28b.bdf
103 silly gunzTarPerm extractEntry fonts/ter-u28n.bdf
104 silly gunzTarPerm extractEntry fonts/ter-u32b.bdf
105 silly gunzTarPerm extractEntry fonts/ter-u32n.bdf
106 info preinstall ttystudio@0.0.16
107 silly prepareForInstallMany adding blessed@>=0.1.80 from ttystudio dependencies
108 silly prepareForInstallMany adding term.js@>=0.0.7 from ttystudio dependencies
109 silly prepareForInstallMany adding pty.js@>=0.3.0 from ttystudio dependencies
110 silly cache add args [ 'term.js@>=0.0.7', null ]
111 verbose cache add spec term.js@>=0.0.7
112 silly cache add parsed spec { raw: 'term.js@>=0.0.7',
112 silly cache add   scope: null,
112 silly cache add   name: 'term.js',
112 silly cache add   rawSpec: '>=0.0.7',
112 silly cache add   spec: '>=0.0.7',
112 silly cache add   type: 'range' }
113 verbose addNamed term.js@>=0.0.7
114 silly addNamed semver.valid null
115 silly addNamed semver.validRange >=0.0.7
116 silly addNameRange { name: 'term.js', range: '>=0.0.7', hasData: false }
117 silly mapToRegistry name term.js
118 silly mapToRegistry using default registry
119 silly mapToRegistry registry https://registry.npmjs.org/
120 silly mapToRegistry uri https://registry.npmjs.org/term.js
121 verbose addNameRange registry:https://registry.npmjs.org/term.js not in flight; fetching
122 silly cache add args [ 'pty.js@>=0.3.0', null ]
123 verbose cache add spec pty.js@>=0.3.0
124 silly cache add parsed spec { raw: 'pty.js@>=0.3.0',
124 silly cache add   scope: null,
124 silly cache add   name: 'pty.js',
124 silly cache add   rawSpec: '>=0.3.0',
124 silly cache add   spec: '>=0.3.0',
124 silly cache add   type: 'range' }
125 verbose addNamed pty.js@>=0.3.0
126 silly addNamed semver.valid null
127 silly addNamed semver.validRange >=0.3.0
128 silly addNameRange { name: 'pty.js', range: '>=0.3.0', hasData: false }
129 silly mapToRegistry name pty.js
130 silly mapToRegistry using default registry
131 silly mapToRegistry registry https://registry.npmjs.org/
132 silly mapToRegistry uri https://registry.npmjs.org/pty.js
133 verbose addNameRange registry:https://registry.npmjs.org/pty.js not in flight; fetching
134 silly cache add args [ 'blessed@>=0.1.80', null ]
135 verbose cache add spec blessed@>=0.1.80
136 silly cache add parsed spec { raw: 'blessed@>=0.1.80',
136 silly cache add   scope: null,
136 silly cache add   name: 'blessed',
136 silly cache add   rawSpec: '>=0.1.80',
136 silly cache add   spec: '>=0.1.80',
136 silly cache add   type: 'range' }
137 verbose addNamed blessed@>=0.1.80
138 silly addNamed semver.valid null
139 silly addNamed semver.validRange >=0.1.80
140 silly addNameRange { name: 'blessed', range: '>=0.1.80', hasData: false }
141 silly mapToRegistry name blessed
142 silly mapToRegistry using default registry
143 silly mapToRegistry registry https://registry.npmjs.org/
144 silly mapToRegistry uri https://registry.npmjs.org/blessed
145 verbose addNameRange registry:https://registry.npmjs.org/blessed not in flight; fetching
146 verbose request uri https://registry.npmjs.org/term.js
147 verbose request no auth needed
148 info attempt registry request try #1 at 10:57:12
149 http request GET https://registry.npmjs.org/term.js
150 verbose request uri https://registry.npmjs.org/pty.js
151 verbose request no auth needed
152 info attempt registry request try #1 at 10:57:12
153 http request GET https://registry.npmjs.org/pty.js
154 verbose request uri https://registry.npmjs.org/blessed
155 verbose request no auth needed
156 info attempt registry request try #1 at 10:57:12
157 http request GET https://registry.npmjs.org/blessed
158 http 200 https://registry.npmjs.org/blessed
159 silly get cb [ 200,
159 silly get   { server: 'CouchDB/1.6.1 (Erlang OTP/R16B03)',
159 silly get     etag: '"3UIMYE5KCMQHI0RQ5B60XV930"',
159 silly get     'content-type': 'application/json',
159 silly get     'content-encoding': 'gzip',
159 silly get     'cache-control': 'max-age=300',
159 silly get     'content-length': '32849',
159 silly get     'accept-ranges': 'bytes',
159 silly get     date: 'Sun, 18 Sep 2016 17:57:13 GMT',
159 silly get     via: '1.1 varnish',
159 silly get     age: '109',
159 silly get     connection: 'keep-alive',
159 silly get     'x-served-by': 'cache-sea1921-SEA',
159 silly get     'x-cache': 'HIT',
159 silly get     'x-cache-hits': '21',
159 silly get     'x-timer': 'S1474221433.396991,VS0,VE0',
159 silly get     vary: 'Accept-Encoding' } ]
160 verbose get saving blessed to /tmp/npm-501/.npm/registry.npmjs.org/blessed/.cache.json
161 http 200 https://registry.npmjs.org/pty.js
162 silly get cb [ 200,
162 silly get   { server: 'CouchDB/1.5.0 (Erlang OTP/R16B03)',
162 silly get     etag: '"32NTAINGP8CEXC8XTV4LXIC9V"',
162 silly get     'content-type': 'application/json',
162 silly get     'content-encoding': 'gzip',
162 silly get     'cache-control': 'max-age=300',
162 silly get     'content-length': '4631',
162 silly get     'accept-ranges': 'bytes',
162 silly get     date: 'Sun, 18 Sep 2016 17:57:13 GMT',
162 silly get     via: '1.1 varnish',
162 silly get     age: '0',
162 silly get     connection: 'keep-alive',
162 silly get     'x-served-by': 'cache-sea1924-SEA',
162 silly get     'x-cache': 'MISS',
162 silly get     'x-cache-hits': '0',
162 silly get     'x-timer': 'S1474221433.397880,VS0,VE91',
162 silly get     vary: 'Accept-Encoding' } ]
163 verbose get saving pty.js to /tmp/npm-501/.npm/registry.npmjs.org/pty.js/.cache.json
164 silly addNameRange number 2 { name: 'blessed', range: '>=0.1.80', hasData: true }
165 silly addNameRange versions [ 'blessed',
165 silly addNameRange   [ '0.0.0',
165 silly addNameRange     '0.0.1',
165 silly addNameRange     '0.0.3',
165 silly addNameRange     '0.0.4',
165 silly addNameRange     '0.0.6',
165 silly addNameRange     '0.0.7',
165 silly addNameRange     '0.0.8',
165 silly addNameRange     '0.0.9',
165 silly addNameRange     '0.0.10',
165 silly addNameRange     '0.0.11',
165 silly addNameRange     '0.0.12',
165 silly addNameRange     '0.0.13',
165 silly addNameRange     '0.0.14',
165 silly addNameRange     '0.0.15',
165 silly addNameRange     '0.0.16',
165 silly addNameRange     '0.0.17',
165 silly addNameRange     '0.0.18',
165 silly addNameRange     '0.0.19',
165 silly addNameRange     '0.0.20',
165 silly addNameRange     '0.0.21',
165 silly addNameRange     '0.0.22',
165 silly addNameRange     '0.0.24',
165 silly addNameRange     '0.0.25',
165 silly addNameRange     '0.0.26',
165 silly addNameRange     '0.0.27',
165 silly addNameRange     '0.0.28',
165 silly addNameRange     '0.0.29',
165 silly addNameRange     '0.0.30',
165 silly addNameRange     '0.0.31',
165 silly addNameRange     '0.0.32',
165 silly addNameRange     '0.0.33',
165 silly addNameRange     '0.0.34',
165 silly addNameRange     '0.0.35',
165 silly addNameRange     '0.0.36',
165 silly addNameRange     '0.0.37',
165 silly addNameRange     '0.0.38',
165 silly addNameRange     '0.0.39',
165 silly addNameRange     '0.0.40',
165 silly addNameRange     '0.0.41',
165 silly addNameRange     '0.0.42',
165 silly addNameRange     '0.0.43',
165 silly addNameRange     '0.0.44',
165 silly addNameRange     '0.0.45',
165 silly addNameRange     '0.0.46',
165 silly addNameRange     '0.0.47',
165 silly addNameRange     '0.0.48',
165 silly addNameRange     '0.0.49',
165 silly addNameRange     '0.0.50',
165 silly addNameRange     '0.0.51',
165 silly addNameRange     '0.1.0',
165 silly addNameRange     '0.1.1',
165 silly addNameRange     '0.1.2',
165 silly addNameRange     '0.1.4',
165 silly addNameRange     '0.1.5',
165 silly addNameRange     '0.1.51',
165 silly addNameRange     '0.1.52',
165 silly addNameRange     '0.1.53',
165 silly addNameRange     '0.1.54',
165 silly addNameRange     '0.1.55',
165 silly addNameRange     '0.1.56',
165 silly addNameRange     '0.1.60',
165 silly addNameRange     '0.1.61',
165 silly addNameRange     '0.1.7',
165 silly addNameRange     '0.1.10',
165 silly addNameRange     '0.1.10-1',
165 silly addNameRange     '0.1.11',
165 silly addNameRange     '0.1.12',
165 silly addNameRange     '0.1.13',
165 silly addNameRange     '0.1.14',
165 silly addNameRange     '0.1.15',
165 silly addNameRange     '0.1.16',
165 silly addNameRange     '0.1.17',
165 silly addNameRange     '0.1.18',
165 silly addNameRange     '0.1.19',
165 silly addNameRange     '0.1.20',
165 silly addNameRange     '0.1.21',
165 silly addNameRange     '0.1.80',
165 silly addNameRange     '0.1.81' ] ]
166 verbose addNamed blessed@0.1.81
167 silly addNamed semver.valid 0.1.81
168 silly addNamed semver.validRange 0.1.81
169 silly mapToRegistry name blessed
170 silly mapToRegistry using default registry
171 silly mapToRegistry registry https://registry.npmjs.org/
172 silly mapToRegistry uri https://registry.npmjs.org/blessed
173 verbose addRemoteTarball https://registry.npmjs.org/blessed/-/blessed-0.1.81.tgz not in flight; adding
174 verbose addRemoteTarball [ 'https://registry.npmjs.org/blessed/-/blessed-0.1.81.tgz',
174 verbose addRemoteTarball   'f962d687ec2c369570ae71af843256e6d0ca1129' ]
175 silly addNameRange number 2 { name: 'pty.js', range: '>=0.3.0', hasData: true }
176 silly addNameRange versions [ 'pty.js',
176 silly addNameRange   [ '0.0.1',
176 silly addNameRange     '0.0.2',
176 silly addNameRange     '0.0.3',
176 silly addNameRange     '0.0.4',
176 silly addNameRange     '0.0.5',
176 silly addNameRange     '0.0.6',
176 silly addNameRange     '0.0.6-1',
176 silly addNameRange     '0.0.7',
176 silly addNameRange     '0.0.8',
176 silly addNameRange     '0.0.9',
176 silly addNameRange     '0.1.0',
176 silly addNameRange     '0.1.1',
176 silly addNameRange     '0.1.2',
176 silly addNameRange     '0.1.3',
176 silly addNameRange     '0.2.0',
176 silly addNameRange     '0.2.1',
176 silly addNameRange     '0.2.2',
176 silly addNameRange     '0.2.3',
176 silly addNameRange     '0.2.4',
176 silly addNameRange     '0.2.5',
176 silly addNameRange     '0.2.6',
176 silly addNameRange     '0.2.7-1',
176 silly addNameRange     '0.2.8',
176 silly addNameRange     '0.2.9',
176 silly addNameRange     '0.2.10',
176 silly addNameRange     '0.2.11',
176 silly addNameRange     '0.2.12',
176 silly addNameRange     '0.2.13',
176 silly addNameRange     '0.3.0',
176 silly addNameRange     '0.3.1' ] ]
177 verbose addNamed pty.js@0.3.1
178 silly addNamed semver.valid 0.3.1
179 silly addNamed semver.validRange 0.3.1
180 silly mapToRegistry name pty.js
181 silly mapToRegistry using default registry
182 silly mapToRegistry registry https://registry.npmjs.org/
183 silly mapToRegistry uri https://registry.npmjs.org/pty.js
184 verbose addRemoteTarball https://registry.npmjs.org/pty.js/-/pty.js-0.3.1.tgz not in flight; adding
185 verbose addRemoteTarball [ 'https://registry.npmjs.org/pty.js/-/pty.js-0.3.1.tgz',
185 verbose addRemoteTarball   '81f5bed332d6e5e7ab685688d1ba0373410d51b5' ]
186 info retry fetch attempt 1 at 10:57:13
187 info attempt registry request try #1 at 10:57:13
188 http fetch GET https://registry.npmjs.org/blessed/-/blessed-0.1.81.tgz
189 info retry fetch attempt 1 at 10:57:13
190 info attempt registry request try #1 at 10:57:13
191 http fetch GET https://registry.npmjs.org/pty.js/-/pty.js-0.3.1.tgz
192 http 200 https://registry.npmjs.org/term.js
193 silly get cb [ 200,
193 silly get   { server: 'CouchDB/1.5.0 (Erlang OTP/R16B03)',
193 silly get     etag: '"5VPR9TMTR2JJEXI58F7LJNDZP"',
193 silly get     'content-type': 'application/json',
193 silly get     'content-encoding': 'gzip',
193 silly get     'cache-control': 'max-age=300',
193 silly get     'content-length': '2543',
193 silly get     'accept-ranges': 'bytes',
193 silly get     date: 'Sun, 18 Sep 2016 17:57:13 GMT',
193 silly get     via: '1.1 varnish',
193 silly get     age: '0',
193 silly get     connection: 'keep-alive',
193 silly get     'x-served-by': 'cache-sea1926-SEA',
193 silly get     'x-cache': 'MISS',
193 silly get     'x-cache-hits': '0',
193 silly get     'x-timer': 'S1474221433.397648,VS0,VE105',
193 silly get     vary: 'Accept-Encoding' } ]
194 verbose get saving term.js to /tmp/npm-501/.npm/registry.npmjs.org/term.js/.cache.json
195 silly addNameRange number 2 { name: 'term.js', range: '>=0.0.7', hasData: true }
196 silly addNameRange versions [ 'term.js',
196 silly addNameRange   [ '0.0.1', '0.0.2', '0.0.3', '0.0.4', '0.0.5', '0.0.6', '0.0.7' ] ]
197 verbose addNamed term.js@0.0.7
198 silly addNamed semver.valid 0.0.7
199 silly addNamed semver.validRange 0.0.7
200 silly mapToRegistry name term.js
201 silly mapToRegistry using default registry
202 silly mapToRegistry registry https://registry.npmjs.org/
203 silly mapToRegistry uri https://registry.npmjs.org/term.js
204 verbose addRemoteTarball https://registry.npmjs.org/term.js/-/term.js-0.0.7.tgz not in flight; adding
205 verbose addRemoteTarball [ 'https://registry.npmjs.org/term.js/-/term.js-0.0.7.tgz',
205 verbose addRemoteTarball   '526f24cfc0f2ef6f80f517c9e27dae947bc87315' ]
206 info retry fetch attempt 1 at 10:57:13
207 info attempt registry request try #1 at 10:57:13
208 http fetch GET https://registry.npmjs.org/term.js/-/term.js-0.0.7.tgz
209 http fetch 200 https://registry.npmjs.org/blessed/-/blessed-0.1.81.tgz
210 http fetch 200 https://registry.npmjs.org/pty.js/-/pty.js-0.3.1.tgz
211 http fetch 200 https://registry.npmjs.org/term.js/-/term.js-0.0.7.tgz
212 silly fetchAndShaCheck shasum 81f5bed332d6e5e7ab685688d1ba0373410d51b5
213 verbose addTmpTarball /tmp/npm-9058-ae681512/registry.npmjs.org/pty.js/-/pty.js-0.3.1.tgz not in flight; adding
214 verbose addTmpTarball already have metadata; skipping unpack for pty.js@0.3.1
215 silly fetchAndShaCheck shasum 526f24cfc0f2ef6f80f517c9e27dae947bc87315
216 verbose addTmpTarball /tmp/npm-9058-ae681512/registry.npmjs.org/term.js/-/term.js-0.0.7.tgz not in flight; adding
217 verbose addTmpTarball already have metadata; skipping unpack for term.js@0.0.7
218 silly cache afterAdd pty.js@0.3.1
219 verbose afterAdd /tmp/npm-501/.npm/pty.js/0.3.1/package/package.json not in flight; writing
220 silly cache afterAdd term.js@0.0.7
221 verbose afterAdd /tmp/npm-501/.npm/term.js/0.0.7/package/package.json not in flight; writing
222 verbose afterAdd /tmp/npm-501/.npm/pty.js/0.3.1/package/package.json written
223 verbose afterAdd /tmp/npm-501/.npm/term.js/0.0.7/package/package.json written
224 silly fetchAndShaCheck shasum f962d687ec2c369570ae71af843256e6d0ca1129
225 verbose addTmpTarball /tmp/npm-9058-ae681512/registry.npmjs.org/blessed/-/blessed-0.1.81.tgz not in flight; adding
226 verbose addTmpTarball already have metadata; skipping unpack for blessed@0.1.81
227 silly cache afterAdd blessed@0.1.81
228 verbose afterAdd /tmp/npm-501/.npm/blessed/0.1.81/package/package.json not in flight; writing
229 verbose afterAdd /tmp/npm-501/.npm/blessed/0.1.81/package/package.json written
230 silly install resolved [ { name: 'pty.js',
230 silly install resolved     description: 'Pseudo terminals for node.',
230 silly install resolved     author: { name: 'Christopher Jeffrey' },
230 silly install resolved     version: '0.3.1',
230 silly install resolved     license: 'MIT',
230 silly install resolved     main: './index.js',
230 silly install resolved     repository: { type: 'git', url: 'git://github.com/chjj/pty.js.git' },
230 silly install resolved     homepage: 'https://github.com/chjj/pty.js',
230 silly install resolved     bugs: { url: 'https://github.com/chjj/pty.js/issues' },
230 silly install resolved     keywords: [ 'pty', 'tty', 'terminal' ],
230 silly install resolved     scripts:
230 silly install resolved      { test: 'NODE_ENV=test mocha -R spec',
230 silly install resolved        install: 'node-gyp rebuild' },
230 silly install resolved     tags: [ 'pty', 'tty', 'terminal' ],
230 silly install resolved     dependencies: { extend: '~1.2.1', nan: '2.3.5' },
230 silly install resolved     devDependencies: { mocha: '~1.17.1' },
230 silly install resolved     gypfile: true,
230 silly install resolved     gitHead: 'fe63a412574f45ee6bb6d8fab4a5c102107b5201',
230 silly install resolved     _id: 'pty.js@0.3.1',
230 silly install resolved     _shasum: '81f5bed332d6e5e7ab685688d1ba0373410d51b5',
230 silly install resolved     _from: 'pty.js@>=0.3.0',
230 silly install resolved     _npmVersion: '3.8.8',
230 silly install resolved     _nodeVersion: '6.0.0',
230 silly install resolved     _npmUser: { name: 'chjj', email: 'chjjeffrey@gmail.com' },
230 silly install resolved     maintainers: [ [Object], [Object], [Object] ],
230 silly install resolved     dist:
230 silly install resolved      { shasum: '81f5bed332d6e5e7ab685688d1ba0373410d51b5',
230 silly install resolved        tarball: 'https://registry.npmjs.org/pty.js/-/pty.js-0.3.1.tgz' },
230 silly install resolved     _npmOperationalInternal:
230 silly install resolved      { host: 'packages-12-west.internal.npmjs.com',
230 silly install resolved        tmp: 'tmp/pty.js-0.3.1.tgz_1467869205922_0.06822228198871017' },
230 silly install resolved     directories: {},
230 silly install resolved     _resolved: 'https://registry.npmjs.org/pty.js/-/pty.js-0.3.1.tgz' },
230 silly install resolved   { name: 'term.js',
230 silly install resolved     description: 'A terminal written in javascript',
230 silly install resolved     author: { name: 'Christopher Jeffrey' },
230 silly install resolved     version: '0.0.7',
230 silly install resolved     license: 'MIT',
230 silly install resolved     main: './index.js',
230 silly install resolved     preferGlobal: false,
230 silly install resolved     repository: { type: 'git', url: 'git://github.com/chjj/term.js.git' },
230 silly install resolved     homepage: 'https://github.com/chjj/term.js',
230 silly install resolved     bugs: { url: 'https://github.com/chjj/term.js/issues' },
230 silly install resolved     keywords: [ 'tty', 'terminal', 'term', 'xterm' ],
230 silly install resolved     tags: [ 'tty', 'terminal', 'term', 'xterm' ],
230 silly install resolved     engines: { node: '>= 0.8.0' },
230 silly install resolved     devDependencies:
230 silly install resolved      { express: '3.1.0',
230 silly install resolved        'socket.io': '0.9.13',
230 silly install resolved        'pty.js': '>= 0.2.13' },
230 silly install resolved     gitHead: '6fa19452ce526bf0df0fb766891ccb6e0d61f4f6',
230 silly install resolved     _id: 'term.js@0.0.7',
230 silly install resolved     scripts: {},
230 silly install resolved     _shasum: '526f24cfc0f2ef6f80f517c9e27dae947bc87315',
230 silly install resolved     _from: 'term.js@>=0.0.7',
230 silly install resolved     _npmVersion: '2.14.0',
230 silly install resolved     _nodeVersion: '0.12.7',
230 silly install resolved     _npmUser: { name: 'chjj', email: 'chjjeffrey@gmail.com' },
230 silly install resolved     maintainers: [ [Object] ],
230 silly install resolved     dist:
230 silly install resolved      { shasum: '526f24cfc0f2ef6f80f517c9e27dae947bc87315',
230 silly install resolved        tarball: 'https://registry.npmjs.org/term.js/-/term.js-0.0.7.tgz' },
230 silly install resolved     directories: {},
230 silly install resolved     _resolved: 'https://registry.npmjs.org/term.js/-/term.js-0.0.7.tgz' },
230 silly install resolved   { name: 'blessed',
230 silly install resolved     description: 'A high-level terminal interface library for node.js.',
230 silly install resolved     author: { name: 'Christopher Jeffrey' },
230 silly install resolved     version: '0.1.81',
230 silly install resolved     license: 'MIT',
230 silly install resolved     main: './lib/blessed.js',
230 silly install resolved     bin: { blessed: './bin/tput.js' },
230 silly install resolved     preferGlobal: false,
230 silly install resolved     repository: { type: 'git', url: 'git://github.com/chjj/blessed.git' },
230 silly install resolved     homepage: 'https://github.com/chjj/blessed',
230 silly install resolved     bugs: { url: 'http://github.com/chjj/blessed/issues' },
230 silly install resolved     keywords: [ 'curses', 'tui', 'tput', 'terminfo', 'termcap' ],
230 silly install resolved     tags: [ 'curses', 'tui', 'tput', 'terminfo', 'termcap' ],
230 silly install resolved     engines: { node: '>= 0.8.0' },
230 silly install resolved     browserify: { transform: [Object] },
230 silly install resolved     gitHead: 'a45575fee63fac158fd467087ec172f657bfec6b',
230 silly install resolved     _id: 'blessed@0.1.81',
230 silly install resolved     scripts: {},
230 silly install resolved     _shasum: 'f962d687ec2c369570ae71af843256e6d0ca1129',
230 silly install resolved     _from: 'blessed@>=0.1.80',
230 silly install resolved     _npmVersion: '2.14.1',
230 silly install resolved     _nodeVersion: '0.12.7',
230 silly install resolved     _npmUser: { name: 'chjj', email: 'chjjeffrey@gmail.com' },
230 silly install resolved     maintainers: [ [Object] ],
230 silly install resolved     dist:
230 silly install resolved      { shasum: 'f962d687ec2c369570ae71af843256e6d0ca1129',
230 silly install resolved        tarball: 'https://registry.npmjs.org/blessed/-/blessed-0.1.81.tgz' },
230 silly install resolved     directories: {},
230 silly install resolved     _resolved: 'https://registry.npmjs.org/blessed/-/blessed-0.1.81.tgz' } ]
231 info install pty.js@0.3.1 into /opt/nodes/0.12.0/lib/node_modules/ttystudio
232 info install term.js@0.0.7 into /opt/nodes/0.12.0/lib/node_modules/ttystudio
233 info install blessed@0.1.81 into /opt/nodes/0.12.0/lib/node_modules/ttystudio
234 info installOne pty.js@0.3.1
235 verbose installOne of pty.js to /opt/nodes/0.12.0/lib/node_modules/ttystudio not in flight; installing
236 info installOne term.js@0.0.7
237 verbose installOne of term.js to /opt/nodes/0.12.0/lib/node_modules/ttystudio not in flight; installing
238 info installOne blessed@0.1.81
239 verbose installOne of blessed to /opt/nodes/0.12.0/lib/node_modules/ttystudio not in flight; installing
240 verbose lock using /tmp/npm-501/.npm/_locks/term-js-ffdfb623af6f14c7.lock for /opt/nodes/0.12.0/lib/node_modules/ttystudio/node_modules/term.js
241 verbose lock using /tmp/npm-501/.npm/_locks/pty-js-3adab68e721a8172.lock for /opt/nodes/0.12.0/lib/node_modules/ttystudio/node_modules/pty.js
242 silly install write writing term.js 0.0.7 to /opt/nodes/0.12.0/lib/node_modules/ttystudio/node_modules/term.js
243 silly install write writing pty.js 0.3.1 to /opt/nodes/0.12.0/lib/node_modules/ttystudio/node_modules/pty.js
244 verbose lock using /tmp/npm-501/.npm/_locks/blessed-de3eda3bd740dbb0.lock for /opt/nodes/0.12.0/lib/node_modules/ttystudio/node_modules/blessed
245 silly install write writing blessed 0.1.81 to /opt/nodes/0.12.0/lib/node_modules/ttystudio/node_modules/blessed
246 silly cache addNamed cb term.js@0.0.7
247 verbose unbuild lib/node_modules/ttystudio/node_modules/term.js
248 silly cache addNamed cb pty.js@0.3.1
249 verbose unbuild lib/node_modules/ttystudio/node_modules/pty.js
250 silly cache addNamed cb blessed@0.1.81
251 verbose unbuild lib/node_modules/ttystudio/node_modules/blessed
252 verbose gentlyRm vacuuming /opt/nodes/0.12.0/lib/node_modules/ttystudio/node_modules/term.js
253 verbose gentlyRm vacuuming /opt/nodes/0.12.0/lib/node_modules/ttystudio/node_modules/pty.js
254 verbose tar unpack /tmp/npm-501/.npm/term.js/0.0.7/package.tgz
255 verbose tar unpacking to /opt/nodes/0.12.0/lib/node_modules/ttystudio/node_modules/term.js
256 verbose gentlyRm vacuuming /opt/nodes/0.12.0/lib/node_modules/ttystudio/node_modules/term.js
257 verbose tar unpack /tmp/npm-501/.npm/pty.js/0.3.1/package.tgz
258 verbose tar unpacking to /opt/nodes/0.12.0/lib/node_modules/ttystudio/node_modules/pty.js
259 verbose gentlyRm vacuuming /opt/nodes/0.12.0/lib/node_modules/ttystudio/node_modules/pty.js
260 verbose gentlyRm vacuuming /opt/nodes/0.12.0/lib/node_modules/ttystudio/node_modules/blessed
261 silly gunzTarPerm modes [ '755', '644' ]
262 silly gunzTarPerm modes [ '755', '644' ]
263 verbose tar unpack /tmp/npm-501/.npm/blessed/0.1.81/package.tgz
264 verbose tar unpacking to /opt/nodes/0.12.0/lib/node_modules/ttystudio/node_modules/blessed
265 verbose gentlyRm vacuuming /opt/nodes/0.12.0/lib/node_modules/ttystudio/node_modules/blessed
266 silly gunzTarPerm modes [ '755', '644' ]
267 silly gunzTarPerm extractEntry package.json
268 silly gunzTarPerm extractEntry package.json
269 silly gunzTarPerm extractEntry package.json
270 silly gunzTarPerm extractEntry .npmignore
271 silly gunzTarPerm extractEntry README.md
272 silly gunzTarPerm extractEntry .npmignore
273 silly gunzTarPerm extractEntry README.md
274 silly gunzTarPerm extractEntry .npmignore
275 silly gunzTarPerm extractEntry README.md
276 silly gunzTarPerm extractEntry LICENSE
277 silly gunzTarPerm extractEntry index.js
278 silly gunzTarPerm extractEntry LICENSE
279 silly gunzTarPerm extractEntry index.js
280 silly gunzTarPerm extractEntry LICENSE
281 silly gunzTarPerm extractEntry example/index.js
282 silly gunzTarPerm extractEntry example/index.html
283 silly gunzTarPerm extractEntry binding.gyp
284 silly gunzTarPerm extractEntry lib/pty.js
285 silly gunzTarPerm extractEntry index.js
286 silly gunzTarPerm extractEntry example/blessed-telnet.js
287 silly gunzTarPerm extractEntry example/index.js
288 silly gunzTarPerm extractEntry lib/pty_win.js
289 silly gunzTarPerm extractEntry Makefile
290 silly gunzTarPerm extractEntry lib/index.js
291 silly gunzTarPerm extractEntry src/term.js
292 silly gunzTarPerm extractEntry Makefile
293 silly gunzTarPerm extractEntry src/unix/pty.cc
294 silly gunzTarPerm extractEntry example/multiplex.js
295 silly gunzTarPerm extractEntry src/win/pty.cc
296 silly gunzTarPerm extractEntry wscript
297 silly gunzTarPerm extractEntry example/simple-form.js
298 silly gunzTarPerm extractEntry example/time.js
299 silly gunzTarPerm extractEntry example/widget.js
300 silly gunzTarPerm extractEntry example/ansi-viewer/package.json
301 silly gunzTarPerm extractEntry example/ansi-viewer/README.md
302 silly gunzTarPerm extractEntry example/ansi-viewer/LICENSE
303 silly gunzTarPerm extractEntry example/ansi-viewer/index.js
304 silly gunzTarPerm extractEntry example/ansi-viewer/singlebyte.js
305 silly gunzTarPerm extractEntry example/ansi-viewer/ansi-art.list
306 silly gunzTarPerm extractEntry example/ping
307 silly gunzTarPerm extractEntry bin/tput.js
308 silly gunzTarPerm extractEntry browser/transform.js
309 info preinstall pty.js@0.3.1
310 silly prepareForInstallMany adding extend@~1.2.1 from pty.js dependencies
311 silly prepareForInstallMany adding nan@2.3.5 from pty.js dependencies
312 silly gunzTarPerm extractEntry browser/Makefile
313 silly gunzTarPerm extractEntry CHANGELOG.md
314 silly cache add args [ 'extend@~1.2.1', null ]
315 verbose cache add spec extend@~1.2.1
316 silly cache add args [ 'nan@2.3.5', null ]
317 verbose cache add spec nan@2.3.5
318 silly cache add parsed spec { raw: 'extend@~1.2.1',
318 silly cache add   scope: null,
318 silly cache add   name: 'extend',
318 silly cache add   rawSpec: '~1.2.1',
318 silly cache add   spec: '>=1.2.1 <1.3.0',
318 silly cache add   type: 'range' }
319 verbose addNamed extend@>=1.2.1 <1.3.0
320 silly addNamed semver.valid null
321 silly addNamed semver.validRange >=1.2.1 <1.3.0
322 silly addNameRange { name: 'extend', range: '>=1.2.1 <1.3.0', hasData: false }
323 silly mapToRegistry name extend
324 silly mapToRegistry using default registry
325 silly mapToRegistry registry https://registry.npmjs.org/
326 silly mapToRegistry uri https://registry.npmjs.org/extend
327 verbose addNameRange registry:https://registry.npmjs.org/extend not in flight; fetching
328 silly cache add parsed spec { raw: 'nan@2.3.5',
328 silly cache add   scope: null,
328 silly cache add   name: 'nan',
328 silly cache add   rawSpec: '2.3.5',
328 silly cache add   spec: '2.3.5',
328 silly cache add   type: 'version' }
329 verbose addNamed nan@2.3.5
330 silly addNamed semver.valid 2.3.5
331 silly addNamed semver.validRange 2.3.5
332 silly mapToRegistry name nan
333 silly mapToRegistry using default registry
334 silly mapToRegistry registry https://registry.npmjs.org/
335 silly mapToRegistry uri https://registry.npmjs.org/nan
336 verbose addNameVersion registry:https://registry.npmjs.org/nan not in flight; fetching
337 verbose request uri https://registry.npmjs.org/extend
338 verbose request no auth needed
339 info attempt registry request try #1 at 10:57:14
340 http request GET https://registry.npmjs.org/extend
341 verbose request uri https://registry.npmjs.org/nan
342 verbose request no auth needed
343 info attempt registry request try #1 at 10:57:14
344 http request GET https://registry.npmjs.org/nan
345 silly gunzTarPerm extractEntry lib/alias.js
346 silly gunzTarPerm extractEntry lib/colors.js
347 silly gunzTarPerm extractEntry lib/events.js
348 silly gunzTarPerm extractEntry lib/gpmclient.js
349 silly gunzTarPerm extractEntry lib/helpers.js
350 silly gunzTarPerm extractEntry lib/blessed.js
351 silly gunzTarPerm extractEntry lib/program.js
352 silly gunzTarPerm extractEntry lib/tput.js
353 silly gunzTarPerm extractEntry lib/unicode.js
354 silly gunzTarPerm extractEntry lib/widget.js
355 silly gunzTarPerm extractEntry lib/keys.js
356 silly gunzTarPerm extractEntry lib/widgets/ansiimage.js
357 silly gunzTarPerm extractEntry lib/widgets/listbar.js
358 silly gunzTarPerm extractEntry lib/widgets/listtable.js
359 silly gunzTarPerm extractEntry lib/widgets/loading.js
360 silly gunzTarPerm extractEntry lib/widgets/log.js
361 silly gunzTarPerm extractEntry lib/widgets/list.js
362 info preinstall term.js@0.0.7
363 silly install resolved []
364 verbose about to build /opt/nodes/0.12.0/lib/node_modules/ttystudio/node_modules/term.js
365 info build /opt/nodes/0.12.0/lib/node_modules/ttystudio/node_modules/term.js
366 verbose linkStuff [ true,
366 verbose linkStuff   '/opt/nodes/0.12.0/lib/node_modules',
366 verbose linkStuff   false,
366 verbose linkStuff   '/opt/nodes/0.12.0/lib/node_modules/ttystudio/node_modules' ]
367 info linkStuff term.js@0.0.7
368 verbose linkBins term.js@0.0.7
369 verbose linkMans term.js@0.0.7
370 verbose rebuildBundles term.js@0.0.7
371 info install term.js@0.0.7
372 info postinstall term.js@0.0.7
373 verbose unlock done using /tmp/npm-501/.npm/_locks/term-js-ffdfb623af6f14c7.lock for /opt/nodes/0.12.0/lib/node_modules/ttystudio/node_modules/term.js
374 silly gunzTarPerm extractEntry lib/widgets/node.js
375 silly gunzTarPerm extractEntry lib/widgets/overlayimage.js
376 silly gunzTarPerm extractEntry lib/widgets/progressbar.js
377 silly gunzTarPerm extractEntry lib/widgets/prompt.js
378 silly gunzTarPerm extractEntry lib/widgets/question.js
379 silly gunzTarPerm extractEntry lib/widgets/line.js
380 silly gunzTarPerm extractEntry lib/widgets/radiobutton.js
381 silly gunzTarPerm extractEntry lib/widgets/layout.js
382 silly gunzTarPerm extractEntry lib/widgets/radioset.js
383 silly gunzTarPerm extractEntry lib/widgets/input.js
384 silly gunzTarPerm extractEntry lib/widgets/screen.js
385 silly gunzTarPerm extractEntry lib/widgets/image.js
386 silly gunzTarPerm extractEntry lib/widgets/scrollablebox.js
387 silly gunzTarPerm extractEntry lib/widgets/form.js
388 silly gunzTarPerm extractEntry lib/widgets/scrollabletext.js
389 silly gunzTarPerm extractEntry lib/widgets/filemanager.js
390 silly gunzTarPerm extractEntry lib/widgets/table.js
391 silly gunzTarPerm extractEntry lib/widgets/element.js
392 silly gunzTarPerm extractEntry lib/widgets/terminal.js
393 silly gunzTarPerm extractEntry lib/widgets/checkbox.js
394 silly gunzTarPerm extractEntry lib/widgets/text.js
395 silly gunzTarPerm extractEntry lib/widgets/button.js
396 silly gunzTarPerm extractEntry lib/widgets/textarea.js
397 silly gunzTarPerm extractEntry lib/widgets/box.js
398 silly gunzTarPerm extractEntry lib/widgets/textbox.js
399 silly gunzTarPerm extractEntry lib/widgets/bigtext.js
400 silly gunzTarPerm extractEntry lib/widgets/video.js
401 silly gunzTarPerm extractEntry lib/widgets/message.js
402 silly gunzTarPerm extractEntry usr/fonts/README
403 silly gunzTarPerm extractEntry usr/fonts/LICENSE
404 silly gunzTarPerm extractEntry usr/fonts/AUTHORS
405 silly gunzTarPerm extractEntry usr/fonts/ter-u14b.json
406 silly gunzTarPerm extractEntry usr/fonts/ter-u14n.json
407 silly gunzTarPerm extractEntry usr/linux
408 silly gunzTarPerm extractEntry usr/windows-ansi
409 silly gunzTarPerm extractEntry usr/xterm
410 silly gunzTarPerm extractEntry usr/xterm-256color
411 silly gunzTarPerm extractEntry usr/xterm.termcap
412 silly gunzTarPerm extractEntry usr/xterm.terminfo
413 silly gunzTarPerm extractEntry vendor/tng.js
414 http 200 https://registry.npmjs.org/extend
415 silly get cb [ 200,
415 silly get   { server: 'CouchDB/1.5.0 (Erlang OTP/R16B03)',
415 silly get     etag: '"EF95W1DYG706TKJBK5HS006PH"',
415 silly get     'content-type': 'application/json',
415 silly get     'content-encoding': 'gzip',
415 silly get     'cache-control': 'max-age=300',
415 silly get     'content-length': '3464',
415 silly get     'accept-ranges': 'bytes',
415 silly get     date: 'Sun, 18 Sep 2016 17:57:14 GMT',
415 silly get     via: '1.1 varnish',
415 silly get     age: '281',
415 silly get     connection: 'keep-alive',
415 silly get     'x-served-by': 'cache-sea1927-SEA',
415 silly get     'x-cache': 'HIT',
415 silly get     'x-cache-hits': '13',
415 silly get     'x-timer': 'S1474221434.289644,VS0,VE0',
415 silly get     vary: 'Accept-Encoding' } ]
416 verbose get saving extend to /tmp/npm-501/.npm/registry.npmjs.org/extend/.cache.json
417 silly addNameRange number 2 { name: 'extend', range: '>=1.2.1 <1.3.0', hasData: true }
418 silly addNameRange versions [ 'extend',
418 silly addNameRange   [ '1.0.0',
418 silly addNameRange     '1.1.0',
418 silly addNameRange     '1.1.1',
418 silly addNameRange     '1.1.3',
418 silly addNameRange     '1.2.0',
418 silly addNameRange     '1.2.1',
418 silly addNameRange     '1.3.0',
418 silly addNameRange     '2.0.0',
418 silly addNameRange     '2.0.1',
418 silly addNameRange     '3.0.0' ] ]
419 verbose addNamed extend@1.2.1
420 silly addNamed semver.valid 1.2.1
421 silly addNamed semver.validRange 1.2.1
422 silly mapToRegistry name extend
423 silly mapToRegistry using default registry
424 silly mapToRegistry registry https://registry.npmjs.org/
425 silly mapToRegistry uri https://registry.npmjs.org/extend
426 verbose addRemoteTarball https://registry.npmjs.org/extend/-/extend-1.2.1.tgz not in flight; adding
427 verbose addRemoteTarball [ 'https://registry.npmjs.org/extend/-/extend-1.2.1.tgz',
427 verbose addRemoteTarball   'a0f5fd6cfc83a5fe49ef698d60ec8a624dd4576c' ]
428 info retry fetch attempt 1 at 10:57:14
429 info attempt registry request try #1 at 10:57:14
430 http fetch GET https://registry.npmjs.org/extend/-/extend-1.2.1.tgz
431 info preinstall blessed@0.1.81
432 silly install resolved []
433 verbose about to build /opt/nodes/0.12.0/lib/node_modules/ttystudio/node_modules/blessed
434 info build /opt/nodes/0.12.0/lib/node_modules/ttystudio/node_modules/blessed
435 verbose linkStuff [ true,
435 verbose linkStuff   '/opt/nodes/0.12.0/lib/node_modules',
435 verbose linkStuff   false,
435 verbose linkStuff   '/opt/nodes/0.12.0/lib/node_modules/ttystudio/node_modules' ]
436 info linkStuff blessed@0.1.81
437 verbose linkBins blessed@0.1.81
438 verbose link bins [ { blessed: './bin/tput.js' },
438 verbose link bins   '/opt/nodes/0.12.0/lib/node_modules/ttystudio/node_modules/.bin',
438 verbose link bins   false ]
439 verbose linkMans blessed@0.1.81
440 verbose rebuildBundles blessed@0.1.81
441 verbose gentlyRm vacuuming /opt/nodes/0.12.0/lib/node_modules/ttystudio/node_modules/.bin/blessed
442 info install blessed@0.1.81
443 info postinstall blessed@0.1.81
444 verbose unlock done using /tmp/npm-501/.npm/_locks/blessed-de3eda3bd740dbb0.lock for /opt/nodes/0.12.0/lib/node_modules/ttystudio/node_modules/blessed
445 http 200 https://registry.npmjs.org/nan
446 silly get cb [ 200,
446 silly get   { server: 'CouchDB/1.6.1 (Erlang OTP/R16B03)',
446 silly get     etag: '"59HOMY3HCQTCA404BD525JWB3"',
446 silly get     'content-type': 'application/json',
446 silly get     'content-encoding': 'gzip',
446 silly get     'cache-control': 'max-age=300',
446 silly get     'content-length': '17111',
446 silly get     'accept-ranges': 'bytes',
446 silly get     date: 'Sun, 18 Sep 2016 17:57:14 GMT',
446 silly get     via: '1.1 varnish',
446 silly get     age: '227',
446 silly get     connection: 'keep-alive',
446 silly get     'x-served-by': 'cache-sea1924-SEA',
446 silly get     'x-cache': 'HIT',
446 silly get     'x-cache-hits': '27',
446 silly get     'x-timer': 'S1474221434.303406,VS0,VE0',
446 silly get     vary: 'Accept-Encoding' } ]
447 verbose get saving nan to /tmp/npm-501/.npm/registry.npmjs.org/nan/.cache.json
448 silly mapToRegistry name nan
449 silly mapToRegistry using default registry
450 silly mapToRegistry registry https://registry.npmjs.org/
451 silly mapToRegistry uri https://registry.npmjs.org/nan
452 verbose addRemoteTarball https://registry.npmjs.org/nan/-/nan-2.3.5.tgz not in flight; adding
453 verbose addRemoteTarball [ 'https://registry.npmjs.org/nan/-/nan-2.3.5.tgz',
453 verbose addRemoteTarball   '822a0dc266290ce4cd3a12282ca3e7e364668a08' ]
454 info retry fetch attempt 1 at 10:57:14
455 info attempt registry request try #1 at 10:57:14
456 http fetch GET https://registry.npmjs.org/nan/-/nan-2.3.5.tgz
457 http fetch 200 https://registry.npmjs.org/extend/-/extend-1.2.1.tgz
458 silly fetchAndShaCheck shasum a0f5fd6cfc83a5fe49ef698d60ec8a624dd4576c
459 verbose addTmpTarball /tmp/npm-9058-ae681512/registry.npmjs.org/extend/-/extend-1.2.1.tgz not in flight; adding
460 verbose addTmpTarball already have metadata; skipping unpack for extend@1.2.1
461 silly cache afterAdd extend@1.2.1
462 verbose afterAdd /tmp/npm-501/.npm/extend/1.2.1/package/package.json not in flight; writing
463 verbose afterAdd /tmp/npm-501/.npm/extend/1.2.1/package/package.json written
464 http fetch 200 https://registry.npmjs.org/nan/-/nan-2.3.5.tgz
465 silly fetchAndShaCheck shasum 822a0dc266290ce4cd3a12282ca3e7e364668a08
466 verbose addTmpTarball /tmp/npm-9058-ae681512/registry.npmjs.org/nan/-/nan-2.3.5.tgz not in flight; adding
467 verbose addTmpTarball already have metadata; skipping unpack for nan@2.3.5
468 silly cache afterAdd nan@2.3.5
469 verbose afterAdd /tmp/npm-501/.npm/nan/2.3.5/package/package.json not in flight; writing
470 verbose afterAdd /tmp/npm-501/.npm/nan/2.3.5/package/package.json written
471 silly install resolved [ { name: 'extend',
471 silly install resolved     author:
471 silly install resolved      { name: 'Stefan Thomas',
471 silly install resolved        email: 'justmoon@members.fsf.org',
471 silly install resolved        url: 'http://www.justmoon.net' },
471 silly install resolved     version: '1.2.1',
471 silly install resolved     description: 'Port of jQuery.extend for Node.js',
471 silly install resolved     main: 'index',
471 silly install resolved     scripts: { test: 'node test/index.js' },
471 silly install resolved     contributors: [ [Object] ],
471 silly install resolved     keywords: [ 'extend', 'clone', 'merge' ],
471 silly install resolved     repository:
471 silly install resolved      { type: 'git',
471 silly install resolved        url: 'https://github.com/justmoon/node-extend.git' },
471 silly install resolved     dependencies: {},
471 silly install resolved     devDependencies: { tape: '~1.1.0' },
471 silly install resolved     bugs: { url: 'https://github.com/justmoon/node-extend/issues' },
471 silly install resolved     _id: 'extend@1.2.1',
471 silly install resolved     dist:
471 silly install resolved      { shasum: 'a0f5fd6cfc83a5fe49ef698d60ec8a624dd4576c',
471 silly install resolved        tarball: 'https://registry.npmjs.org/extend/-/extend-1.2.1.tgz' },
471 silly install resolved     _from: 'extend@>=1.2.1 <1.3.0',
471 silly install resolved     _npmVersion: '1.3.8',
471 silly install resolved     _npmUser: { name: 'ljharb', email: 'ljharb@gmail.com' },
471 silly install resolved     maintainers: [ [Object], [Object] ],
471 silly install resolved     directories: {},
471 silly install resolved     _shasum: 'a0f5fd6cfc83a5fe49ef698d60ec8a624dd4576c',
471 silly install resolved     _resolved: 'https://registry.npmjs.org/extend/-/extend-1.2.1.tgz' },
471 silly install resolved   { name: 'nan',
471 silly install resolved     version: '2.3.5',
471 silly install resolved     description: 'Native Abstractions for Node.js: C++ header for Node 0.8 -> 6 compatibility',
471 silly install resolved     main: 'include_dirs.js',
471 silly install resolved     repository: { type: 'git', url: 'git://github.com/nodejs/nan.git' },
471 silly install resolved     scripts:
471 silly install resolved      { test: 'tap --gc --stderr test/js/*-test.js',
471 silly install resolved        'rebuild-tests': 'node-gyp rebuild --msvs_version=2013 --directory test',
471 silly install resolved        docs: 'doc/.build.sh' },
471 silly install resolved     contributors:
471 silly install resolved      [ [Object],
471 silly install resolved        [Object],
471 silly install resolved        [Object],
471 silly install resolved        [Object],
471 silly install resolved        [Object],
471 silly install resolved        [Object],
471 silly install resolved        [Object] ],
471 silly install resolved     devDependencies:
471 silly install resolved      { bindings: '~1.2.1',
471 silly install resolved        commander: '^2.8.1',
471 silly install resolved        glob: '^5.0.14',
471 silly install resolved        'node-gyp': '~3.0.1',
471 silly install resolved        tap: '~0.7.1',
471 silly install resolved        xtend: '~4.0.0' },
471 silly install resolved     license: 'MIT',
471 silly install resolved     bugs: { url: 'https://github.com/nodejs/nan/issues' },
471 silly install resolved     homepage: 'https://github.com/nodejs/nan#readme',
471 silly install resolved     _id: 'nan@2.3.5',
471 silly install resolved     _shasum: '822a0dc266290ce4cd3a12282ca3e7e364668a08',
471 silly install resolved     _resolved: 'https://registry.npmjs.org/nan/-/nan-2.3.5.tgz',
471 silly install resolved     _from: 'nan@2.3.5',
471 silly install resolved     _npmVersion: '3.3.6',
471 silly install resolved     _nodeVersion: '5.0.0',
471 silly install resolved     _npmUser: { name: 'kkoopa', email: 'bbyholm@abo.fi' },
471 silly install resolved     dist:
471 silly install resolved      { shasum: '822a0dc266290ce4cd3a12282ca3e7e364668a08',
471 silly install resolved        tarball: 'https://registry.npmjs.org/nan/-/nan-2.3.5.tgz' },
471 silly install resolved     maintainers: [ [Object], [Object] ],
471 silly install resolved     _npmOperationalInternal:
471 silly install resolved      { host: 'packages-12-west.internal.npmjs.com',
471 silly install resolved        tmp: 'tmp/nan-2.3.5.tgz_1464707164994_0.4295874561648816' },
471 silly install resolved     directories: {} } ]
472 info install extend@1.2.1 into /opt/nodes/0.12.0/lib/node_modules/ttystudio/node_modules/pty.js
473 info install nan@2.3.5 into /opt/nodes/0.12.0/lib/node_modules/ttystudio/node_modules/pty.js
474 info installOne extend@1.2.1
475 verbose installOne of extend to /opt/nodes/0.12.0/lib/node_modules/ttystudio/node_modules/pty.js not in flight; installing
476 info installOne nan@2.3.5
477 verbose installOne of nan to /opt/nodes/0.12.0/lib/node_modules/ttystudio/node_modules/pty.js not in flight; installing
478 verbose lock using /tmp/npm-501/.npm/_locks/extend-791341fb6cec8ce9.lock for /opt/nodes/0.12.0/lib/node_modules/ttystudio/node_modules/pty.js/node_modules/extend
479 verbose lock using /tmp/npm-501/.npm/_locks/nan-74a6539ddb22f689.lock for /opt/nodes/0.12.0/lib/node_modules/ttystudio/node_modules/pty.js/node_modules/nan
480 silly install write writing extend 1.2.1 to /opt/nodes/0.12.0/lib/node_modules/ttystudio/node_modules/pty.js/node_modules/extend
481 silly install write writing nan 2.3.5 to /opt/nodes/0.12.0/lib/node_modules/ttystudio/node_modules/pty.js/node_modules/nan
482 silly cache addNamed cb extend@1.2.1
483 verbose unbuild lib/node_modules/ttystudio/node_modules/pty.js/node_modules/extend
484 silly cache addNamed cb nan@2.3.5
485 verbose unbuild lib/node_modules/ttystudio/node_modules/pty.js/node_modules/nan
486 verbose gentlyRm vacuuming /opt/nodes/0.12.0/lib/node_modules/ttystudio/node_modules/pty.js/node_modules/extend
487 verbose gentlyRm vacuuming /opt/nodes/0.12.0/lib/node_modules/ttystudio/node_modules/pty.js/node_modules/nan
488 verbose tar unpack /tmp/npm-501/.npm/extend/1.2.1/package.tgz
489 verbose tar unpacking to /opt/nodes/0.12.0/lib/node_modules/ttystudio/node_modules/pty.js/node_modules/extend
490 verbose gentlyRm vacuuming /opt/nodes/0.12.0/lib/node_modules/ttystudio/node_modules/pty.js/node_modules/extend
491 verbose tar unpack /tmp/npm-501/.npm/nan/2.3.5/package.tgz
492 verbose tar unpacking to /opt/nodes/0.12.0/lib/node_modules/ttystudio/node_modules/pty.js/node_modules/nan
493 verbose gentlyRm vacuuming /opt/nodes/0.12.0/lib/node_modules/ttystudio/node_modules/pty.js/node_modules/nan
494 silly gunzTarPerm modes [ '755', '644' ]
495 silly gunzTarPerm modes [ '755', '644' ]
496 silly gunzTarPerm extractEntry package.json
497 silly gunzTarPerm extractEntry package.json
498 silly gunzTarPerm modified mode [ 'package.json', 436, 420 ]
499 silly gunzTarPerm extractEntry .npmignore
500 silly gunzTarPerm extractEntry README.md
501 silly gunzTarPerm extractEntry README.md
502 silly gunzTarPerm modified mode [ 'README.md', 436, 420 ]
503 silly gunzTarPerm extractEntry include_dirs.js
504 silly gunzTarPerm modified mode [ 'include_dirs.js', 436, 420 ]
505 silly gunzTarPerm extractEntry index.js
506 silly gunzTarPerm extractEntry .travis.yml
507 silly gunzTarPerm extractEntry nan_converters.h
508 silly gunzTarPerm modified mode [ 'nan_converters.h', 436, 420 ]
509 silly gunzTarPerm extractEntry LICENSE.md
510 silly gunzTarPerm modified mode [ 'LICENSE.md', 436, 420 ]
511 silly gunzTarPerm extractEntry doc/node_misc.md
512 silly gunzTarPerm modified mode [ 'doc/node_misc.md', 436, 420 ]
513 silly gunzTarPerm extractEntry doc/asyncworker.md
514 silly gunzTarPerm modified mode [ 'doc/asyncworker.md', 436, 420 ]
515 silly gunzTarPerm extractEntry doc/callback.md
516 silly gunzTarPerm modified mode [ 'doc/callback.md', 436, 420 ]
517 silly gunzTarPerm extractEntry doc/converters.md
518 silly gunzTarPerm modified mode [ 'doc/converters.md', 436, 420 ]
519 info preinstall extend@1.2.1
520 silly gunzTarPerm extractEntry doc/errors.md
521 silly gunzTarPerm modified mode [ 'doc/errors.md', 436, 420 ]
522 silly gunzTarPerm extractEntry doc/maybe_types.md
523 silly gunzTarPerm modified mode [ 'doc/maybe_types.md', 436, 420 ]
524 silly install resolved []
525 verbose about to build /opt/nodes/0.12.0/lib/node_modules/ttystudio/node_modules/pty.js/node_modules/extend
526 info build /opt/nodes/0.12.0/lib/node_modules/ttystudio/node_modules/pty.js/node_modules/extend
527 verbose linkStuff [ true,
527 verbose linkStuff   '/opt/nodes/0.12.0/lib/node_modules',
527 verbose linkStuff   false,
527 verbose linkStuff   '/opt/nodes/0.12.0/lib/node_modules/ttystudio/node_modules/pty.js/node_modules' ]
528 info linkStuff extend@1.2.1
529 verbose linkBins extend@1.2.1
530 verbose linkMans extend@1.2.1
531 verbose rebuildBundles extend@1.2.1
532 info install extend@1.2.1
533 info postinstall extend@1.2.1
534 verbose unlock done using /tmp/npm-501/.npm/_locks/extend-791341fb6cec8ce9.lock for /opt/nodes/0.12.0/lib/node_modules/ttystudio/node_modules/pty.js/node_modules/extend
535 silly gunzTarPerm extractEntry doc/methods.md
536 silly gunzTarPerm modified mode [ 'doc/methods.md', 436, 420 ]
537 silly gunzTarPerm extractEntry doc/new.md
538 silly gunzTarPerm modified mode [ 'doc/new.md', 436, 420 ]
539 silly gunzTarPerm extractEntry doc/buffers.md
540 silly gunzTarPerm modified mode [ 'doc/buffers.md', 436, 420 ]
541 silly gunzTarPerm extractEntry doc/object_wrappers.md
542 silly gunzTarPerm modified mode [ 'doc/object_wrappers.md', 436, 420 ]
543 silly gunzTarPerm extractEntry doc/persistent.md
544 silly gunzTarPerm modified mode [ 'doc/persistent.md', 436, 420 ]
545 silly gunzTarPerm extractEntry doc/scopes.md
546 silly gunzTarPerm modified mode [ 'doc/scopes.md', 436, 420 ]
547 silly gunzTarPerm extractEntry doc/script.md
548 silly gunzTarPerm modified mode [ 'doc/script.md', 436, 420 ]
549 silly gunzTarPerm extractEntry doc/string_bytes.md
550 silly gunzTarPerm modified mode [ 'doc/string_bytes.md', 436, 420 ]
551 silly gunzTarPerm extractEntry doc/v8_internals.md
552 silly gunzTarPerm modified mode [ 'doc/v8_internals.md', 436, 420 ]
553 silly gunzTarPerm extractEntry doc/v8_misc.md
554 silly gunzTarPerm modified mode [ 'doc/v8_misc.md', 436, 420 ]
555 silly gunzTarPerm extractEntry nan.h
556 silly gunzTarPerm modified mode [ 'nan.h', 436, 420 ]
557 silly gunzTarPerm extractEntry nan_callbacks.h
558 silly gunzTarPerm modified mode [ 'nan_callbacks.h', 436, 420 ]
559 silly gunzTarPerm extractEntry nan_callbacks_12_inl.h
560 silly gunzTarPerm modified mode [ 'nan_callbacks_12_inl.h', 436, 420 ]
561 silly gunzTarPerm extractEntry nan_callbacks_pre_12_inl.h
562 silly gunzTarPerm modified mode [ 'nan_callbacks_pre_12_inl.h', 436, 420 ]
563 silly gunzTarPerm extractEntry nan_converters_43_inl.h
564 silly gunzTarPerm modified mode [ 'nan_converters_43_inl.h', 436, 420 ]
565 silly gunzTarPerm extractEntry nan_converters_pre_43_inl.h
566 silly gunzTarPerm modified mode [ 'nan_converters_pre_43_inl.h', 436, 420 ]
567 silly gunzTarPerm extractEntry nan_implementation_12_inl.h
568 silly gunzTarPerm modified mode [ 'nan_implementation_12_inl.h', 436, 420 ]
569 silly gunzTarPerm extractEntry nan_implementation_pre_12_inl.h
570 silly gunzTarPerm modified mode [ 'nan_implementation_pre_12_inl.h', 436, 420 ]
571 silly gunzTarPerm extractEntry nan_maybe_43_inl.h
572 silly gunzTarPerm modified mode [ 'nan_maybe_43_inl.h', 436, 420 ]
573 silly gunzTarPerm extractEntry nan_maybe_pre_43_inl.h
574 silly gunzTarPerm modified mode [ 'nan_maybe_pre_43_inl.h', 436, 420 ]
575 silly gunzTarPerm extractEntry nan_new.h
576 silly gunzTarPerm modified mode [ 'nan_new.h', 436, 420 ]
577 silly gunzTarPerm extractEntry nan_object_wrap.h
578 silly gunzTarPerm modified mode [ 'nan_object_wrap.h', 436, 420 ]
579 silly gunzTarPerm extractEntry nan_persistent_12_inl.h
580 silly gunzTarPerm modified mode [ 'nan_persistent_12_inl.h', 436, 420 ]
581 silly gunzTarPerm extractEntry nan_persistent_pre_12_inl.h
582 silly gunzTarPerm modified mode [ 'nan_persistent_pre_12_inl.h', 436, 420 ]
583 silly gunzTarPerm extractEntry nan_string_bytes.h
584 silly gunzTarPerm modified mode [ 'nan_string_bytes.h', 436, 420 ]
585 silly gunzTarPerm extractEntry nan_typedarray_contents.h
586 silly gunzTarPerm modified mode [ 'nan_typedarray_contents.h', 436, 420 ]
587 silly gunzTarPerm extractEntry nan_weak.h
588 silly gunzTarPerm modified mode [ 'nan_weak.h', 436, 420 ]
589 silly gunzTarPerm extractEntry CHANGELOG.md
590 silly gunzTarPerm modified mode [ 'CHANGELOG.md', 436, 420 ]
591 silly gunzTarPerm extractEntry tools/package.json
592 silly gunzTarPerm modified mode [ 'tools/package.json', 436, 420 ]
593 silly gunzTarPerm extractEntry tools/README.md
594 silly gunzTarPerm modified mode [ 'tools/README.md', 436, 420 ]
595 silly gunzTarPerm extractEntry tools/1to2.js
596 silly gunzTarPerm modified mode [ 'tools/1to2.js', 509, 493 ]
597 info preinstall nan@2.3.5
598 silly install resolved []
599 verbose about to build /opt/nodes/0.12.0/lib/node_modules/ttystudio/node_modules/pty.js/node_modules/nan
600 info build /opt/nodes/0.12.0/lib/node_modules/ttystudio/node_modules/pty.js/node_modules/nan
601 verbose linkStuff [ true,
601 verbose linkStuff   '/opt/nodes/0.12.0/lib/node_modules',
601 verbose linkStuff   false,
601 verbose linkStuff   '/opt/nodes/0.12.0/lib/node_modules/ttystudio/node_modules/pty.js/node_modules' ]
602 info linkStuff nan@2.3.5
603 verbose linkBins nan@2.3.5
604 verbose linkMans nan@2.3.5
605 verbose rebuildBundles nan@2.3.5
606 info install nan@2.3.5
607 info postinstall nan@2.3.5
608 verbose unlock done using /tmp/npm-501/.npm/_locks/nan-74a6539ddb22f689.lock for /opt/nodes/0.12.0/lib/node_modules/ttystudio/node_modules/pty.js/node_modules/nan
609 verbose about to build /opt/nodes/0.12.0/lib/node_modules/ttystudio/node_modules/pty.js
610 info build /opt/nodes/0.12.0/lib/node_modules/ttystudio/node_modules/pty.js
611 verbose linkStuff [ true,
611 verbose linkStuff   '/opt/nodes/0.12.0/lib/node_modules',
611 verbose linkStuff   false,
611 verbose linkStuff   '/opt/nodes/0.12.0/lib/node_modules/ttystudio/node_modules' ]
612 info linkStuff pty.js@0.3.1
613 verbose linkBins pty.js@0.3.1
614 verbose linkMans pty.js@0.3.1
615 verbose rebuildBundles pty.js@0.3.1
616 verbose rebuildBundles [ 'extend', 'nan' ]
617 info install pty.js@0.3.1
618 verbose unsafe-perm in lifecycle true
619 info pty.js@0.3.1 Failed to exec install script
620 verbose unlock done using /tmp/npm-501/.npm/_locks/pty-js-3adab68e721a8172.lock for /opt/nodes/0.12.0/lib/node_modules/ttystudio/node_modules/pty.js
621 verbose about to build /opt/nodes/0.12.0/lib/node_modules/ttystudio
622 verbose unlock done using /tmp/npm-501/.npm/_locks/ttystudio-3a5067f1f62b54a0.lock for /opt/nodes/0.12.0/lib/node_modules/ttystudio
623 verbose stack Error: pty.js@0.3.1 install: `node-gyp rebuild`
623 verbose stack Exit status 1
623 verbose stack     at EventEmitter.<anonymous> (/opt/nodes/0.12.0/lib/node_modules/npm/lib/utils/lifecycle.js:213:16)
623 verbose stack     at EventEmitter.emit (events.js:110:17)
623 verbose stack     at ChildProcess.<anonymous> (/opt/nodes/0.12.0/lib/node_modules/npm/lib/utils/spawn.js:14:12)
623 verbose stack     at ChildProcess.emit (events.js:110:17)
623 verbose stack     at maybeClose (child_process.js:1008:16)
623 verbose stack     at Process.ChildProcess._handle.onexit (child_process.js:1080:5)
624 verbose pkgid pty.js@0.3.1
625 verbose cwd /opt/boxen/repo
626 error Darwin 15.6.0
627 error argv "/opt/nodes/0.12.0/bin/node" "/opt/nodes/0.12/bin/npm" "install" "ttystudio@~> 0.0.16" "--global"
628 error node v0.12.0
629 error npm  v2.5.1
630 error code ELIFECYCLE
631 error pty.js@0.3.1 install: `node-gyp rebuild`
631 error Exit status 1
632 error Failed at the pty.js@0.3.1 install script 'node-gyp rebuild'.
632 error This is most likely a problem with the pty.js package,
632 error not with npm itself.
632 error Tell the author that this fails on your system:
632 error     node-gyp rebuild
632 error You can get their info via:
632 error     npm owner ls pty.js
632 error There is likely additional logging output above.
633 verbose exit [ 1, true ]
634 verbose unbuild lib/node_modules/ttystudio/node_modules/pty.js
635 info preuninstall pty.js@0.3.1
636 info uninstall pty.js@0.3.1
637 verbose unbuild rmStuff pty.js@0.3.1 from /opt/nodes/0.12.0/lib/node_modules
638 verbose unbuild rmStuff in /opt/nodes/0.12.0/lib/node_modules/ttystudio/node_modules
639 info postuninstall pty.js@0.3.1
640 verbose gentlyRm vacuuming /opt/nodes/0.12.0/lib/node_modules/ttystudio/node_modules/pty.js
641 silly gentlyRm purging /opt/nodes/0.12.0/lib/node_modules/ttystudio/node_modules/pty.js
642 silly gentlyRm quitting because other entries in /opt/nodes/0.12.0/lib/node_modules/ttystudio/node_modules
643 verbose unbuild lib/node_modules/ttystudio
644 info preuninstall ttystudio@0.0.16
645 info uninstall ttystudio@0.0.16
646 verbose unbuild rmStuff ttystudio@0.0.16 from /opt/nodes/0.12.0/lib/node_modules
647 verbose gentlyRm verifying that /opt/nodes/0.12.0 is managed by npm
648 verbose rmMans man files are [ './man/ttystudio.1' ] in /opt/nodes/0.12.0/share/man
649 silly rmMan preparing to remove ./man/ttystudio.1
650 verbose gentlyRm verifying that /opt/nodes/0.12.0 is managed by npm
651 silly isManaged /opt/nodes/0.12.0 is not inside /opt/nodes/0.12.0/lib/node_modules
652 silly isManaged /opt/nodes/0.12.0 is not inside /opt/nodes/0.12.0/lib/node_modules
653 silly isManaged /opt/nodes/0.12.0 is not inside /opt/nodes/0.12.0/lib/node_modules
654 silly isManaged /opt/nodes/0.12.0 is not inside /opt/nodes/0.12.0/lib/node_modules
655 silly isManaged /opt/nodes/0.12.0/bin is inside /opt/nodes/0.12.0
656 silly gentlyRm /opt/nodes/0.12.0 is managed by npm
657 silly gentlyRm /opt/nodes/0.12.0/bin/ttystudio is under /opt/nodes/0.12.0
658 verbose gentlyRm vacuuming /opt/nodes/0.12.0/bin/ttystudio up to /opt/nodes/0.12.0
659 silly isManaged /opt/nodes/0.12.0/bin is inside /opt/nodes/0.12.0
660 silly gentlyRm /opt/nodes/0.12.0 is managed by npm
661 silly gentlyRm /opt/nodes/0.12.0/share/man/man1/ttystudio.1.1 is under /opt/nodes/0.12.0
662 verbose gentlyRm vacuuming /opt/nodes/0.12.0/share/man/man1/ttystudio.1.1 up to /opt/nodes/0.12.0
663 info postuninstall ttystudio@0.0.16
664 verbose gentlyRm vacuuming /opt/nodes/0.12.0/lib/node_modules/ttystudio
665 silly gentlyRm purging /opt/nodes/0.12.0/lib/node_modules/ttystudio
666 silly gentlyRm quitting because other entries in /opt/nodes/0.12.0/lib/node_modules
